<?xml version="1.0" encoding="UTF-8"?>
<testsuite xmlns:xsi="http://www.w3.org/2001/XMLSchema-instance" xsi:noNamespaceSchemaLocation="https://maven.apache.org/surefire/maven-surefire-plugin/xsd/surefire-test-report.xsd" name="ThreeCardTest" time="0.051" tests="30" errors="0" skipped="0" failures="0">
  <properties>
[...]
</properties>
  <testcase name="test10" classname="ThreeCardTest" time="0.01"/>
  <testcase name="test11" classname="ThreeCardTest" time="0.001"/>
  <testcase name="test12" classname="ThreeCardTest" time="0.001"/>
  <testcase name="test13" classname="ThreeCardTest" time="0.001"/>
  <testcase name="test14" classname="ThreeCardTest" time="0.001"/>
  <testcase name="test15" classname="ThreeCardTest" time="0.002"/>
  <testcase name="test16" classname="ThreeCardTest" time="0.001"/>
  <testcase name="test17" classname="ThreeCardTest" time="0"/>
  <testcase name="test18" classname="ThreeCardTest" time="0.001"/>
  <testcase name="test19" classname="ThreeCardTest" time="0.001"/>
  <testcase name="test20" classname="ThreeCardTest" time="0.001"/>
  <testcase name="test21" classname="ThreeCardTest" time="0.001"/>
  <testcase name="test22" classname="ThreeCardTest" time="0"/>
  <testcase name="test23" classname="ThreeCardTest" time="0"/>
  <testcase name="test24" classname="ThreeCardTest" time="0"/>
  <testcase name="test25" classname="ThreeCardTest" time="0.001"/>
  <testcase name="test26" classname="ThreeCardTest" time="0.001"/>
  <testcase name="test27" classname="ThreeCardTest" time="0"/>
  <testcase name="test28" classname="ThreeCardTest" time="0"/>
  <testcase name="test29" classname="ThreeCardTest" time="0.001"/>
  <testcase name="test30" classname="ThreeCardTest" time="0"/>
  <testcase name="test1" classname="ThreeCardTest" time="0"/>
  <testcase name="test2" classname="ThreeCardTest" time="0"/>
  <testcase name="test3" classname="ThreeCardTest" time="0"/>
  <testcase name="test4" classname="ThreeCardTest" time="0"/>
  <testcase name="test5" classname="ThreeCardTest" time="0"/>
  <testcase name="test6" classname="ThreeCardTest" time="0.001"/>
  <testcase name="test7" classname="ThreeCardTest" time="0.001"/>
  <testcase name="test8" classname="ThreeCardTest" time="0"/>
  <testcase name="test9" classname="ThreeCardTest" time="0.001"/>
</testsuite>